<?xml version="1.0" encoding="UTF-8"?>
<testsuite xmlns:xsi="http://www.w3.org/2001/XMLSchema-instance" xsi:noNamespaceSchemaLocation="https://maven.apache.org/surefire/maven-surefire-plugin/xsd/surefire-test-report.xsd" name="com.example.AppTest" time="0.024" tests="1" errors="0" skipped="0" failures="0">
  <properties>
    <property name="sun.desktop" value="windows"/>
    <property name="awt.toolkit" value="sun.awt.windows.WToolkit"/>
    <property name="java.specification.version" value="11"/>
    <property name="sun.cpu.isalist" value="amd64"/>
    <property name="sun.jnu.encoding" value="Cp1252"/>
    <property name="java.class.path" value="B:\learning_linkedin_java_testing_with_junit\target\test-classes;B:\learning_linkedin_java_testing_with_junit\target\classes;a:\repositorios\org\junit\jupiter\junit-jupiter\5.8.0-M1\junit-jupiter-5.8.0-M1.jar;a:\repositorios\org\junit\jupiter\junit-jupiter-api\5.8.0-M1\junit-jupiter-api-5.8.0-M1.jar;a:\repositorios\org\apiguardian\apiguardian-api\1.1.1\apiguardian-api-1.1.1.jar;a:\repositorios\org\opentest4j\opentest4j\1.2.0\opentest4j-1.2.0.jar;a:\repositorios\org\junit\platform\junit-platform-commons\1.8.0-M1\junit-platform-commons-1.8.0-M1.jar;a:\repositorios\org\junit\jupiter\junit-jupiter-params\5.8.0-M1\junit-jupiter-params-5.8.0-M1.jar;a:\repositorios\org\junit\jupiter\junit-jupiter-engine\5.8.0-M1\junit-jupiter-engine-5.8.0-M1.jar;a:\repositorios\org\junit\platform\junit-platform-engine\1.8.0-M1\junit-platform-engine-1.8.0-M1.jar;a:\repositorios\org\jetbrains\kotlin\kotlin-stdlib-jdk8\1.4.20\kotlin-stdlib-jdk8-1.4.20.jar;a:\repositorios\org\jetbrains\kotlin\kotlin-stdlib\1.4.20\kotlin-stdlib-1.4.20.jar;a:\repositorios\org\jetbrains\kotlin\kotlin-stdlib-common\1.4.20\kotlin-stdlib-common-1.4.20.jar;a:\repositorios\org\jetbrains\annotations\13.0\annotations-13.0.jar;a:\repositorios\org\jetbrains\kotlin\kotlin-stdlib-jdk7\1.4.20\kotlin-stdlib-jdk7-1.4.20.jar;"/>
    <property name="java.vm.vendor" value="Oracle Corporation"/>
    <property name="sun.arch.data.model" value="64"/>
    <property name="user.variant" value=""/>
    <property name="java.vendor.url" value="https://openjdk.java.net/"/>
    <property name="user.timezone" value="America/Bogota"/>
    <property name="java.vm.specification.version" value="11"/>
    <property name="os.name" value="Windows 10"/>
    <property name="sun.java.launcher" value="SUN_STANDARD"/>
    <property name="user.country" value="US"/>
    <property name="sun.boot.library.path" value="A:\jdk-11.0.7\bin"/>
    <property name="sun.java.command" value="C:\Users\dani\AppData\Local\Temp\surefire1183951514124464587\surefirebooter8018309036819467117.jar C:\Users\dani\AppData\Local\Temp\surefire1183951514124464587 2022-08-01T18-33-17_979-jvmRun1 surefire1707536817523425629tmp surefire_05832173397613008136tmp"/>
    <property name="jdk.debug" value="release"/>
    <property name="surefire.test.class.path" value="B:\learning_linkedin_java_testing_with_junit\target\test-classes;B:\learning_linkedin_java_testing_with_junit\target\classes;a:\repositorios\org\junit\jupiter\junit-jupiter\5.8.0-M1\junit-jupiter-5.8.0-M1.jar;a:\repositorios\org\junit\jupiter\junit-jupiter-api\5.8.0-M1\junit-jupiter-api-5.8.0-M1.jar;a:\repositorios\org\apiguardian\apiguardian-api\1.1.1\apiguardian-api-1.1.1.jar;a:\repositorios\org\opentest4j\opentest4j\1.2.0\opentest4j-1.2.0.jar;a:\repositorios\org\junit\platform\junit-platform-commons\1.8.0-M1\junit-platform-commons-1.8.0-M1.jar;a:\repositorios\org\junit\jupiter\junit-jupiter-params\5.8.0-M1\junit-jupiter-params-5.8.0-M1.jar;a:\repositorios\org\junit\jupiter\junit-jupiter-engine\5.8.0-M1\junit-jupiter-engine-5.8.0-M1.jar;a:\repositorios\org\junit\platform\junit-platform-engine\1.8.0-M1\junit-platform-engine-1.8.0-M1.jar;a:\repositorios\org\jetbrains\kotlin\kotlin-stdlib-jdk8\1.4.20\kotlin-stdlib-jdk8-1.4.20.jar;a:\repositorios\org\jetbrains\kotlin\kotlin-stdlib\1.4.20\kotlin-stdlib-1.4.20.jar;a:\repositorios\org\jetbrains\kotlin\kotlin-stdlib-common\1.4.20\kotlin-stdlib-common-1.4.20.jar;a:\repositorios\org\jetbrains\annotations\13.0\annotations-13.0.jar;a:\repositorios\org\jetbrains\kotlin\kotlin-stdlib-jdk7\1.4.20\kotlin-stdlib-jdk7-1.4.20.jar;"/>
    <property name="sun.cpu.endian" value="little"/>
    <property name="user.home" value="C:\Users\dani"/>
    <property name="user.language" value="en"/>
    <property name="java.specification.vendor" value="Oracle Corporation"/>
    <property name="java.version.date" value="2020-04-14"/>
    <property name="java.home" value="A:\jdk-11.0.7"/>
    <property name="file.separator" value="\"/>
    <property name="basedir" value="B:\learning_linkedin_java_testing_with_junit"/>
    <property name="java.vm.compressedOopsMode" value="Zero based"/>
    <property name="line.separator" value="&#10;"/>
    <property name="java.specification.name" value="Java Platform API Specification"/>
    <property name="java.vm.specification.vendor" value="Oracle Corporation"/>
    <property name="java.awt.graphicsenv" value="sun.awt.Win32GraphicsEnvironment"/>
    <property name="surefire.real.class.path" value="C:\Users\dani\AppData\Local\Temp\surefire1183951514124464587\surefirebooter8018309036819467117.jar"/>
    <property name="user.script" value=""/>
    <property name="sun.management.compiler" value="HotSpot 64-Bit Tiered Compilers"/>
    <property name="java.runtime.version" value="11.0.7+8-LTS"/>
    <property name="user.name" value="dani"/>
    <property name="path.separator" value=";"/>
    <property name="os.version" value="10.0"/>
    <property name="java.runtime.name" value="Java(TM) SE Runtime Environment"/>
    <property name="file.encoding" value="Cp1252"/>
    <property name="java.vm.name" value="Java HotSpot(TM) 64-Bit Server VM"/>
    <property name="java.vendor.version" value="18.9"/>
    <property name="localRepository" value="a:\repositorios"/>
    <property name="java.vendor.url.bug" value="https://bugreport.java.com/bugreport/"/>
    <property name="java.io.tmpdir" value="C:\Users\dani\AppData\Local\Temp\"/>
    <property name="java.version" value="11.0.7"/>
    <property name="user.dir" value="B:\learning_linkedin_java_testing_with_junit"/>
    <property name="os.arch" value="amd64"/>
    <property name="java.vm.specification.name" value="Java Virtual Machine Specification"/>
    <property name="java.awt.printerjob" value="sun.awt.windows.WPrinterJob"/>
    <property name="sun.os.patch.level" value=""/>
    <property name="java.library.path" value="A:\jdk-11.0.7\bin;C:\Windows\Sun\Java\bin;C:\Windows\system32;C:\Windows;A:\apache-ant-1.10.9-bin\apache-ant-1.10.9\bin;A:\android-studio-2021.1.1.23\android-studio\bin;A:\wildfly-26.1.0.Final\bin;A:\sqlcl\bin;A:\krita-x64-5.0.2\bin;A:\core\bin;A:\v;A:\mariadb-10.6.7-winx64\bin;A:\cygwin64\bin;A:\sublimeMerge;A:\sublime4;A:\sublime3;A:\ConEmuPack.210912;A:\maxima-5.45.1\bin;A:\muCommander;A:\apache-jmeter-5.3\bin;A:\julia-1.5.3-win64\bin;A:\netbeans-13-bin\netbeans;A:\perl\perl\bin;A:\mongodb-database-tools-windows-x86_64-100.5.2;A:\sdk_android\platform-tools;A:\mono\bin;A:\kotlin\bin;A:\sdk_android\cmdline-tools\latest\bin;A:\scala\bin;A:\octave-7.1.0-w64;A:\svn\bin;A:\R-4.1.3\bin;A:\ngrok-stable-windows-amd64;A:\ruby\bin;A:\RStudio-2022.02.1-461\bin;A:\sonarlint\bin;a:\Python37\;A:\PyCharm_Community_Edition_2022.1\bin\;A:\postgresql-14.1-1-windows-x64-binaries\pgsql\bin;a:\Python37\Scripts\;A:\php8;A:\node;A:\ZoomIt;A:\deno;A:\wls1213_dev_update3\wls12130\wlserver\server\bin;A:\dlang.2.095.0.windows\bin;A:\iReport-5.6.0\iReport-5.6.0\bin;A:\swipl\bin;A:\db-derby-10.14.2.0-bin\bin;A:\jdk-11.0.7\bin;A:\sdk_android\emulator;A:\cmder;A:\jamovi-2.2.5.0-win64\bin;A:\certbot\bin;A:\MinGW\bin;A:\AWSCLIV2;A:\mysql-shell-8.0.28-windows-x86-64bit\mysql-shell-8.0.28-windows-x86-64bit\bin;A:\spark-3.3.0-bin-hadoop3\bin;A:\void;A:\maven\bin;A:\sonar-scanner-4.7.0.2747-windows\bin;A:\SysinternalsSuite;A:\tools\protoc-21.2-win64\bin;A:\tools;C:\Windows\system32;C:\Windows;C:\Windows\System32\Wbem;C:\Windows\System32\WindowsPowerShell\v1.0\;C:\Windows\System32\OpenSSH\;C:\Program Files\Docker\Docker\resources\bin;C:\ProgramData\DockerDesktop\version-bin;C:\Program Files\Microsoft SQL Server\150\Tools\Binn\;C:\Program Files\Microsoft SQL Server\Client SDK\ODBC\170\Tools\Binn\;C:\Program Files\dotnet\;C:\Program Files\Git\cmd;A:\cygwin64\bin;C:\Windows\System32\cmd.exe;C:\AWSCLIV2;C:\Program Files\Google\Chrome\Application;C:\Users\dani\AppData\Roaming\nvm;C:\Program Files\nodejs;C:\Program Files\Microsoft SQL Server\130\Tools\Binn\;C:\Program Files (x86)\Windows Kits\10\Windows Performance Toolkit\;A:\jdk1.8.0_251\bin;C:\Program Files\Sublime Text 3;C:\ProgramData\chocolatey\bin;C:\Program Files\Go\bin;C:\Windows\system32\config\systemprofile\.mix\escripts;a:\;C:\Program Files\GitHub CLI\;;a:\certbot\bin;C:\Users\dani\.cargo\bin;C:\Users\dani\AppData\Local\Microsoft\WindowsApps;C:\Users\dani\AppData\Local\Programs\Microsoft VS Code\bin;C:\Users\dani\.dotnet\tools;C:\Users\dani\AppData\Local\gitkraken\bin;C:\Users\dani\AppData\Roaming\nvm;C:\Program Files\nodejs;C:\Users\dani\.dotnet\tools;C:\Users\dani\AppData\Local\atom\bin;C:\Users\dani\AppData\Local\Coursier\data\bin;C:\Users\dani\go\bin;C:\Users\dani\AppData\Local\Programs\Julia-1.7.2\bin;C:\Users\dani\AppData\Local\GitHubDesktop\bin;;."/>
    <property name="java.vendor" value="Oracle Corporation"/>
    <property name="java.vm.info" value="mixed mode"/>
    <property name="java.vm.version" value="11.0.7+8-LTS"/>
    <property name="sun.io.unicode.encoding" value="UnicodeLittle"/>
    <property name="java.class.version" value="55.0"/>
  </properties>
  <testcase name="shouldAnswerWithTrue" classname="com.example.AppTest" time="0.018"/>
</testsuite>